Unity Editor version:    6000.0.35f1 (9a3bc604008a)
Branch:                  6000.0/release
Build type:              Release
Batch mode:              YES
macOS version:           Version 15.6 (Build 24G84)
Darwin version:          24.6.0
Architecture:            arm64
Running under Rosetta:   NO
Available memory:        24576 MB
Using pre-set license
Pro License: YES

COMMAND LINE ARGUMENTS:
/Applications/Unity/Hub/Editor/6000.0.35f1/Unity.app/Contents/MacOS/Unity
-adb2
-batchMode
-noUpm
-name
AssetImportWorker2
-projectPath
/Users/lorser/Desktop/Unity Projects/First-Platformer/First Platformer
-logFile
Logs/AssetImportWorker2.log
-srvPort
51059
-job-worker-count
6
-background-job-worker-count
8
-gc-helper-count
1
Successfully changed project path to: /Users/lorser/Desktop/Unity Projects/First-Platformer/First Platformer
/Users/lorser/Desktop/Unity Projects/First-Platformer/First Platformer
[UnityMemory] Configuration Parameters - Can be set up in boot.config
    "memorysetup-bucket-allocator-granularity=16"
    "memorysetup-bucket-allocator-bucket-count=8"
    "memorysetup-bucket-allocator-block-size=33554432"
    "memorysetup-bucket-allocator-block-count=8"
    "memorysetup-main-allocator-block-size=16777216"
    "memorysetup-thread-allocator-block-size=16777216"
    "memorysetup-gfx-main-allocator-block-size=16777216"
    "memorysetup-gfx-thread-allocator-block-size=16777216"
    "memorysetup-cache-allocator-block-size=4194304"
    "memorysetup-typetree-allocator-block-size=2097152"
    "memorysetup-profiler-bucket-allocator-granularity=16"
    "memorysetup-profiler-bucket-allocator-bucket-count=8"
    "memorysetup-profiler-bucket-allocator-block-size=33554432"
    "memorysetup-profiler-bucket-allocator-block-count=8"
    "memorysetup-profiler-allocator-block-size=16777216"
    "memorysetup-profiler-editor-allocator-block-size=1048576"
    "memorysetup-temp-allocator-size-main=16777216"
    "memorysetup-job-temp-allocator-block-size=2097152"
    "memorysetup-job-temp-allocator-block-size-background=1048576"
    "memorysetup-job-temp-allocator-reduction-small-platforms=262144"
    "memorysetup-allocator-temp-initial-block-size-main=262144"
    "memorysetup-allocator-temp-initial-block-size-worker=262144"
    "memorysetup-temp-allocator-size-background-worker=32768"
    "memorysetup-temp-allocator-size-job-worker=262144"
    "memorysetup-temp-allocator-size-preload-manager=33554432"
    "memorysetup-temp-allocator-size-nav-mesh-worker=65536"
    "memorysetup-temp-allocator-size-audio-worker=65536"
    "memorysetup-temp-allocator-size-cloud-worker=32768"
    "memorysetup-temp-allocator-size-gi-baking-worker=262144"
    "memorysetup-temp-allocator-size-gi-baking-worker=262144"
    "memorysetup-temp-allocator-size-gi-baking-worker=262144"
    "memorysetup-temp-allocator-size-gi-baking-worker=262144"
    "memorysetup-temp-allocator-size-gi-baking-worker=262144"
    "memorysetup-temp-allocator-size-gfx=262144"
Player connection [8446714048]  Target information:

Player connection [8446714048]  * "[IP] 172.20.10.12 [Port] 0 [Flags] 2 [Guid] 3163579253 [EditorId] 3163579253 [Version] 1048832 [Id] OSXEditor(0,MacBook-Pro-Ertal.local) [Debug] 1 [PackageName] OSXEditor [ProjectName] Editor" 

Player connection [8446714048] Host joined multi-casting on [225.0.0.222:54997]...
Player connection [8446714048] Host joined alternative multi-casting on [225.0.0.222:34997]...
JobSystem: Creating JobQueue using job-worker-count value 6
Input System module state changed to: Initialized.
[Physics::Module] Initialized fallback backend.
[Physics::Module] Id: 0xdecafbad
Library Redirect Path: Library/
[Physics::Module] Selected backend.
[Physics::Module] Name: PhysX
[Physics::Module] Id: 0xf2b8ea05
[Physics::Module] SDK Version: 4.1.2
[Physics::Module] Integration Version: 1.0.0
[Physics::Module] Threading Mode: Multi-Threaded
Refreshing native plugins compatible for Editor in 0.54 ms, found 3 plugins.
Preloading 0 native plugins for Editor in 0.00 ms.
Initialize engine version: 6000.0.35f1 (9a3bc604008a)
[Subsystems] Discovering subsystems at path /Applications/Unity/Hub/Editor/6000.0.35f1/Unity.app/Contents/Resources/UnitySubsystems
[Subsystems] Discovering subsystems at path /Users/lorser/Desktop/Unity Projects/First-Platformer/First Platformer/Assets
GfxDevice: creating device client; kGfxThreadingModeNonThreaded
 preferred device: Apple M4 Pro (high power)
Metal devices available: 1
0: Apple M4 Pro (high power)
Using device Apple M4 Pro (high power)
Initializing Metal device caps: Apple M4 Pro
Initialize mono
Mono path[0] = '/Applications/Unity/Hub/Editor/6000.0.35f1/Unity.app/Contents/Managed'
Mono path[1] = '/Applications/Unity/Hub/Editor/6000.0.35f1/Unity.app/Contents/MonoBleedingEdge/lib/mono/unityjit-macos'
Mono config path = '/Applications/Unity/Hub/Editor/6000.0.35f1/Unity.app/Contents/MonoBleedingEdge/etc'
Using monoOptions --debugger-agent=transport=dt_socket,embedding=1,server=y,suspend=n,address=127.0.0.1:56724
Begin MonoManager ReloadAssembly
Registering precompiled unity dll's ...
Register platform support module: /Applications/Unity/Hub/Editor/6000.0.35f1/PlaybackEngines/WebGLSupport/UnityEditor.WebGL.Extensions.dll
Register platform support module: /Applications/Unity/Hub/Editor/6000.0.35f1/Unity.app/Contents/PlaybackEngines/MacStandaloneSupport/UnityEditor.OSXStandalone.Extensions.dll
Register platform support module: /Applications/Unity/Hub/Editor/6000.0.35f1/PlaybackEngines/AndroidPlayer/UnityEditor.Android.Extensions.dll
Registered in 0.000810 seconds.
- Loaded All Assemblies, in  0.172 seconds
Native extension for Android target not found
Android Extension - Scanning For ADB Devices 54 ms
Native extension for OSXStandalone target not found
Native extension for WebGL target not found
Mono: successfully reloaded assembly
- Finished resetting the current domain, in  0.253 seconds
Domain Reload Profiling: 425ms
	BeginReloadAssembly (36ms)
		ExecutionOrderSort (0ms)
		DisableScriptedObjects (0ms)
		BackupInstance (0ms)
		ReleaseScriptingObjects (0ms)
		CreateAndSetChildDomain (0ms)
	RebuildCommonClasses (20ms)
	RebuildNativeTypeToScriptingClass (6ms)
	initialDomainReloadingComplete (22ms)
	LoadAllAssembliesAndSetupDomain (87ms)
		LoadAssemblies (36ms)
		RebuildTransferFunctionScriptingTraits (0ms)
		AnalyzeDomain (86ms)
			TypeCache.Refresh (85ms)
				TypeCache.ScanAssembly (79ms)
			BuildScriptInfoCaches (0ms)
			ResolveRequiredComponents (0ms)
	FinalizeReload (253ms)
		ReleaseScriptCaches (0ms)
		RebuildScriptCaches (0ms)
		SetupLoadedEditorAssemblies (227ms)
			LogAssemblyErrors (0ms)
			InitializePlatformSupportModulesInManaged (109ms)
			SetLoadedEditorAssemblies (2ms)
			BeforeProcessingInitializeOnLoad (29ms)
			ProcessInitializeOnLoadAttributes (56ms)
			ProcessInitializeOnLoadMethodAttributes (31ms)
			AfterProcessingInitializeOnLoad (0ms)
			EditorAssembliesLoaded (0ms)
		ExecutionOrderSort2 (0ms)
		AwakeInstancesAfterBackupRestoration (0ms)
========================================================================
Worker process is ready to serve import requests
Import Worker Mode flag is 0x00
Begin MonoManager ReloadAssembly
- Loaded All Assemblies, in  0.350 seconds
Refreshing native plugins compatible for Editor in 0.35 ms, found 3 plugins.
Native extension for Android target not found
Native extension for OSXStandalone target not found
Native extension for WebGL target not found
Mono: successfully reloaded assembly
- Finished resetting the current domain, in  0.463 seconds
Domain Reload Profiling: 813ms
	BeginReloadAssembly (66ms)
		ExecutionOrderSort (0ms)
		DisableScriptedObjects (3ms)
		BackupInstance (0ms)
		ReleaseScriptingObjects (0ms)
		CreateAndSetChildDomain (21ms)
	RebuildCommonClasses (21ms)
	RebuildNativeTypeToScriptingClass (7ms)
	initialDomainReloadingComplete (18ms)
	LoadAllAssembliesAndSetupDomain (238ms)
		LoadAssemblies (127ms)
		RebuildTransferFunctionScriptingTraits (0ms)
		AnalyzeDomain (137ms)
			TypeCache.Refresh (103ms)
				TypeCache.ScanAssembly (94ms)
			BuildScriptInfoCaches (27ms)
			ResolveRequiredComponents (6ms)
	FinalizeReload (463ms)
		ReleaseScriptCaches (0ms)
		RebuildScriptCaches (0ms)
		SetupLoadedEditorAssemblies (376ms)
			LogAssemblyErrors (0ms)
			InitializePlatformSupportModulesInManaged (6ms)
			SetLoadedEditorAssemblies (4ms)
			BeforeProcessingInitializeOnLoad (86ms)
			ProcessInitializeOnLoadAttributes (229ms)
			ProcessInitializeOnLoadMethodAttributes (50ms)
			AfterProcessingInitializeOnLoad (1ms)
			EditorAssembliesLoaded (0ms)
		ExecutionOrderSort2 (0ms)
		AwakeInstancesAfterBackupRestoration (1ms)
Launching external process: /Applications/Unity/Hub/Editor/6000.0.35f1/Unity.app/Contents/Tools/UnityShaderCompiler
Launched and connected shader compiler UnityShaderCompiler after 0.02 seconds
Refreshing native plugins compatible for Editor in 0.39 ms, found 3 plugins.
Preloading 0 native plugins for Editor in 0.00 ms.
Unloading 206 Unused Serialized files (Serialized files now loaded: 0)
Unloading 6658 unused Assets / (3.4 MB). Loaded Objects now: 7360.
Memory consumption went from 176.3 MB to 172.9 MB.
Total: 4.561500 ms (FindLiveObjects: 0.438750 ms CreateObjectMapping: 0.145208 ms MarkObjects: 3.160542 ms  DeleteObjects: 0.816750 ms)

========================================================================
Received Import Request.
  Time since last request: 67802.052353 seconds.
  path: Assets/Sprites/Environment/Ground Tileset/TX Tileset Ground_44.asset
  artifactKey: Guid(31835195774924856b5c6a6b5167e717) Importer(815301076,1909f56bfc062723c751e8b465ee728b)
Start importing Assets/Sprites/Environment/Ground Tileset/TX Tileset Ground_44.asset using Guid(31835195774924856b5c6a6b5167e717) Importer(815301076,1909f56bfc062723c751e8b465ee728b) (PreviewImporter) -> (artifact id: 'fd48ae012169847e3d677fa62f978616') in 0.041521458 seconds
Number of updated asset objects reloaded before import = 0Number of asset objects unloaded after import = 3

========================================================================
Received Import Request.
  Time since last request: 7.922650 seconds.
  path: Assets/Sprites/Environment/Ground Tileset/TX Tileset Ground_48.asset
  artifactKey: Guid(100a1ca8a21494aee9ac146d8cb03c28) Importer(815301076,1909f56bfc062723c751e8b465ee728b)
Start importing Assets/Sprites/Environment/Ground Tileset/TX Tileset Ground_48.asset using Guid(100a1ca8a21494aee9ac146d8cb03c28) Importer(815301076,1909f56bfc062723c751e8b465ee728b) (PreviewImporter) -> (artifact id: '49c90e52ff4821356c5cbf13c3754982') in 0.005884417 seconds
Number of updated asset objects reloaded before import = 0Number of asset objects unloaded after import = 3

========================================================================
Received Import Request.
  Time since last request: 0.000040 seconds.
  path: Assets/Sprites/Environment/Ground Tileset/TX Tileset Ground_51.asset
  artifactKey: Guid(707af292d7c094ab0b6811f3f8442b94) Importer(815301076,1909f56bfc062723c751e8b465ee728b)
Start importing Assets/Sprites/Environment/Ground Tileset/TX Tileset Ground_51.asset using Guid(707af292d7c094ab0b6811f3f8442b94) Importer(815301076,1909f56bfc062723c751e8b465ee728b) (PreviewImporter) -> (artifact id: 'dc8eb4aded508f9ee10a5b222cd9cc71') in 0.002309167 seconds
Number of updated asset objects reloaded before import = 0Number of asset objects unloaded after import = 3

========================================================================
Received Import Request.
  Time since last request: 0.123477 seconds.
  path: Assets/Sprites/Environment/Ground Tileset/TX Tileset Ground_52.asset
  artifactKey: Guid(7baeef2edef424652afca874563df4c5) Importer(815301076,1909f56bfc062723c751e8b465ee728b)
Start importing Assets/Sprites/Environment/Ground Tileset/TX Tileset Ground_52.asset using Guid(7baeef2edef424652afca874563df4c5) Importer(815301076,1909f56bfc062723c751e8b465ee728b) (PreviewImporter) -> (artifact id: '0dd96757545d032e936039089b01b39d') in 0.002891625 seconds
Number of updated asset objects reloaded before import = 0Number of asset objects unloaded after import = 3

========================================================================
Received Import Request.
  Time since last request: 0.000044 seconds.
  path: Assets/Sprites/Environment/Ground Tileset/TX Tileset Ground_54.asset
  artifactKey: Guid(d1b082ff519e44b549307c0e2f19d1bd) Importer(815301076,1909f56bfc062723c751e8b465ee728b)
Start importing Assets/Sprites/Environment/Ground Tileset/TX Tileset Ground_54.asset using Guid(d1b082ff519e44b549307c0e2f19d1bd) Importer(815301076,1909f56bfc062723c751e8b465ee728b) (PreviewImporter) -> (artifact id: 'ffaba579fda483fce8fd595dec3f5087') in 0.002040667 seconds
Number of updated asset objects reloaded before import = 0Number of asset objects unloaded after import = 3

========================================================================
Received Import Request.
  Time since last request: 0.146497 seconds.
  path: Assets/Sprites/Environment/Ground Tileset/TX Tileset Ground_56.asset
  artifactKey: Guid(72015eed0d9b642c5a7823c848b969e7) Importer(815301076,1909f56bfc062723c751e8b465ee728b)
Start importing Assets/Sprites/Environment/Ground Tileset/TX Tileset Ground_56.asset using Guid(72015eed0d9b642c5a7823c848b969e7) Importer(815301076,1909f56bfc062723c751e8b465ee728b) (PreviewImporter) -> (artifact id: 'a4544650ae231f1d41a691f606b4686d') in 0.00262175 seconds
Number of updated asset objects reloaded before import = 0Number of asset objects unloaded after import = 3

========================================================================
Received Import Request.
  Time since last request: 0.000054 seconds.
  path: Assets/Sprites/Environment/Ground Tileset/TX Tileset Ground_58.asset
  artifactKey: Guid(3774611b22364488fa1a76019dc59f48) Importer(815301076,1909f56bfc062723c751e8b465ee728b)
Start importing Assets/Sprites/Environment/Ground Tileset/TX Tileset Ground_58.asset using Guid(3774611b22364488fa1a76019dc59f48) Importer(815301076,1909f56bfc062723c751e8b465ee728b) (PreviewImporter) -> (artifact id: '285795e4a25258c7885dc9a168aea709') in 0.002154375 seconds
Number of updated asset objects reloaded before import = 0Number of asset objects unloaded after import = 3

========================================================================
Received Import Request.
  Time since last request: 753.859468 seconds.
  path: Assets/Sprites/Environment/Forest Tilemap/Forest.prefab
  artifactKey: Guid(fb9e7ca88a1874340963c611542f7bfc) Importer(815301076,1909f56bfc062723c751e8b465ee728b)
Start importing Assets/Sprites/Environment/Forest Tilemap/Forest.prefab using Guid(fb9e7ca88a1874340963c611542f7bfc) Importer(815301076,1909f56bfc062723c751e8b465ee728b) (PreviewImporter) -> (artifact id: 'e4b164f9c9f65b16f09e4109c7e5a55a') in 0.267536125 seconds
Number of updated asset objects reloaded before import = 0Number of asset objects unloaded after import = 10

========================================================================
Received Import Request.
  Time since last request: 28.206358 seconds.
  path: Assets/Sprites/Environment/Forest Tilemap/Forest.prefab
  artifactKey: Guid(fb9e7ca88a1874340963c611542f7bfc) Importer(815301076,1909f56bfc062723c751e8b465ee728b)
Start importing Assets/Sprites/Environment/Forest Tilemap/Forest.prefab using Guid(fb9e7ca88a1874340963c611542f7bfc) Importer(815301076,1909f56bfc062723c751e8b465ee728b) (PreviewImporter) -> (artifact id: '96fbcac865a6f1a1f1c8b2a446ce4c38') in 0.02479725 seconds
Number of updated asset objects reloaded before import = 0Number of asset objects unloaded after import = 137

========================================================================
Received Import Request.
  Time since last request: 0.000038 seconds.
  path: Assets/Sprites/Environment/Forest Tilemap/Tileset_6.asset
  artifactKey: Guid(c6a170802d44f4a04aa2384cdaaabe59) Importer(815301076,1909f56bfc062723c751e8b465ee728b)
Start importing Assets/Sprites/Environment/Forest Tilemap/Tileset_6.asset using Guid(c6a170802d44f4a04aa2384cdaaabe59) Importer(815301076,1909f56bfc062723c751e8b465ee728b) (PreviewImporter) -> (artifact id: 'f11baaadfc0ba85b098cf6a3edfa796f') in 0.002377625 seconds
Number of updated asset objects reloaded before import = 0Number of asset objects unloaded after import = 3

========================================================================
Received Import Request.
  Time since last request: 0.000032 seconds.
  path: Assets/Sprites/Environment/Forest Tilemap/Tileset_1.asset
  artifactKey: Guid(828f7a5403b1b47d4b9bff8deb49741f) Importer(815301076,1909f56bfc062723c751e8b465ee728b)
Start importing Assets/Sprites/Environment/Forest Tilemap/Tileset_1.asset using Guid(828f7a5403b1b47d4b9bff8deb49741f) Importer(815301076,1909f56bfc062723c751e8b465ee728b) (PreviewImporter) -> (artifact id: 'fdf4a58cc05d8d36623e8b463f9f7491') in 0.002556542 seconds
Number of updated asset objects reloaded before import = 0Number of asset objects unloaded after import = 3

========================================================================
Received Import Request.
  Time since last request: 0.000046 seconds.
  path: Assets/Sprites/Environment/Forest Tilemap/Tileset_2.asset
  artifactKey: Guid(4ba1d41cfb512444ebba3e931abc9aa0) Importer(815301076,1909f56bfc062723c751e8b465ee728b)
Start importing Assets/Sprites/Environment/Forest Tilemap/Tileset_2.asset using Guid(4ba1d41cfb512444ebba3e931abc9aa0) Importer(815301076,1909f56bfc062723c751e8b465ee728b) (PreviewImporter) -> (artifact id: 'a28e10514f0c5118423b4d9a5095b93b') in 0.002541417 seconds
Number of updated asset objects reloaded before import = 0Number of asset objects unloaded after import = 3

========================================================================
Received Import Request.
  Time since last request: 0.000037 seconds.
  path: Assets/Sprites/Environment/Forest Tilemap/Tileset_42.asset
  artifactKey: Guid(4601de4b8779f4a71b48bd09e0452ae7) Importer(815301076,1909f56bfc062723c751e8b465ee728b)
Start importing Assets/Sprites/Environment/Forest Tilemap/Tileset_42.asset using Guid(4601de4b8779f4a71b48bd09e0452ae7) Importer(815301076,1909f56bfc062723c751e8b465ee728b) (PreviewImporter) -> (artifact id: 'a39fde56f5d77a05d9336b270805f52b') in 0.002508584 seconds
Number of updated asset objects reloaded before import = 0Number of asset objects unloaded after import = 3

========================================================================
Received Import Request.
  Time since last request: 0.000034 seconds.
  path: Assets/Sprites/Environment/Forest Tilemap/Tileset_27.asset
  artifactKey: Guid(ff0f25304f41c40aebec557ceb3eb5bb) Importer(815301076,1909f56bfc062723c751e8b465ee728b)
Start importing Assets/Sprites/Environment/Forest Tilemap/Tileset_27.asset using Guid(ff0f25304f41c40aebec557ceb3eb5bb) Importer(815301076,1909f56bfc062723c751e8b465ee728b) (PreviewImporter) -> (artifact id: '7eb1266a1f7cda5e75728e3542286d82') in 0.00220875 seconds
Number of updated asset objects reloaded before import = 0Number of asset objects unloaded after import = 3

========================================================================
Received Import Request.
  Time since last request: 0.000035 seconds.
  path: Assets/Sprites/Environment/Forest Tilemap/Tileset_40.asset
  artifactKey: Guid(f78bf2a1e1115484caec0e10ac2b95ad) Importer(815301076,1909f56bfc062723c751e8b465ee728b)
Start importing Assets/Sprites/Environment/Forest Tilemap/Tileset_40.asset using Guid(f78bf2a1e1115484caec0e10ac2b95ad) Importer(815301076,1909f56bfc062723c751e8b465ee728b) (PreviewImporter) -> (artifact id: '8c17a16c82d13e800dd759df0b1e9ad2') in 0.002282041 seconds
Number of updated asset objects reloaded before import = 0Number of asset objects unloaded after import = 3

========================================================================
Received Import Request.
  Time since last request: 0.000033 seconds.
  path: Assets/Sprites/Environment/Forest Tilemap/Tileset_32.asset
  artifactKey: Guid(a8933c63ddf834dbd80a799cf9145f19) Importer(815301076,1909f56bfc062723c751e8b465ee728b)
Start importing Assets/Sprites/Environment/Forest Tilemap/Tileset_32.asset using Guid(a8933c63ddf834dbd80a799cf9145f19) Importer(815301076,1909f56bfc062723c751e8b465ee728b) (PreviewImporter) -> (artifact id: '8e6bff0b9c2596d5dae1730f1e31544f') in 0.002149167 seconds
Number of updated asset objects reloaded before import = 0Number of asset objects unloaded after import = 3

========================================================================
Received Import Request.
  Time since last request: 0.000031 seconds.
  path: Assets/Sprites/Environment/Forest Tilemap/Tileset_15.asset
  artifactKey: Guid(9f6ab31046c4749d5af1aa6bb334c63c) Importer(815301076,1909f56bfc062723c751e8b465ee728b)
Start importing Assets/Sprites/Environment/Forest Tilemap/Tileset_15.asset using Guid(9f6ab31046c4749d5af1aa6bb334c63c) Importer(815301076,1909f56bfc062723c751e8b465ee728b) (PreviewImporter) -> (artifact id: '58ee06c63c84165730abe74f8901103b') in 0.002314542 seconds
Number of updated asset objects reloaded before import = 0Number of asset objects unloaded after import = 3

========================================================================
Received Import Request.
  Time since last request: 0.000041 seconds.
  path: Assets/Sprites/Environment/Forest Tilemap/Tileset_33.asset
  artifactKey: Guid(147ae33ef73ae4696be8fd9a5a607c04) Importer(815301076,1909f56bfc062723c751e8b465ee728b)
Start importing Assets/Sprites/Environment/Forest Tilemap/Tileset_33.asset using Guid(147ae33ef73ae4696be8fd9a5a607c04) Importer(815301076,1909f56bfc062723c751e8b465ee728b) (PreviewImporter) -> (artifact id: '67ccff39e9220e1c76cc0001524985ab') in 0.002167042 seconds
Number of updated asset objects reloaded before import = 0Number of asset objects unloaded after import = 3

========================================================================
Received Import Request.
  Time since last request: 0.000036 seconds.
  path: Assets/Sprites/Environment/Forest Tilemap/Tileset_13.asset
  artifactKey: Guid(b499a772c4f4d41b9852cd466108dd21) Importer(815301076,1909f56bfc062723c751e8b465ee728b)
Start importing Assets/Sprites/Environment/Forest Tilemap/Tileset_13.asset using Guid(b499a772c4f4d41b9852cd466108dd21) Importer(815301076,1909f56bfc062723c751e8b465ee728b) (PreviewImporter) -> (artifact id: '5d4ad0549a2f72e05ec9729e3a5bde5e') in 0.002048792 seconds
Number of updated asset objects reloaded before import = 0Number of asset objects unloaded after import = 3

========================================================================
Received Import Request.
  Time since last request: 0.000040 seconds.
  path: Assets/Sprites/Environment/Forest Tilemap/Tileset_14.asset
  artifactKey: Guid(62ff8faf9da8e4a9dbdd949f07753885) Importer(815301076,1909f56bfc062723c751e8b465ee728b)
Start importing Assets/Sprites/Environment/Forest Tilemap/Tileset_14.asset using Guid(62ff8faf9da8e4a9dbdd949f07753885) Importer(815301076,1909f56bfc062723c751e8b465ee728b) (PreviewImporter) -> (artifact id: '0d20ac70bfe383847bda5e096c41b150') in 0.002272125 seconds
Number of updated asset objects reloaded before import = 0Number of asset objects unloaded after import = 3

========================================================================
Received Import Request.
  Time since last request: 0.000039 seconds.
  path: Assets/Sprites/Environment/Forest Tilemap/Tileset_17.asset
  artifactKey: Guid(57b45794616144613b5b1cc765200c4b) Importer(815301076,1909f56bfc062723c751e8b465ee728b)
Start importing Assets/Sprites/Environment/Forest Tilemap/Tileset_17.asset using Guid(57b45794616144613b5b1cc765200c4b) Importer(815301076,1909f56bfc062723c751e8b465ee728b) (PreviewImporter) -> (artifact id: '7ae539ba5a2c59dadc76bf7ebe029f62') in 0.001927625 seconds
Number of updated asset objects reloaded before import = 0Number of asset objects unloaded after import = 3

========================================================================
Received Import Request.
  Time since last request: 0.000031 seconds.
  path: Assets/Sprites/Environment/Forest Tilemap/Tileset_24.asset
  artifactKey: Guid(eaf6b3a123c2340feaedb2e705572202) Importer(815301076,1909f56bfc062723c751e8b465ee728b)
Start importing Assets/Sprites/Environment/Forest Tilemap/Tileset_24.asset using Guid(eaf6b3a123c2340feaedb2e705572202) Importer(815301076,1909f56bfc062723c751e8b465ee728b) (PreviewImporter) -> (artifact id: '19e7ca30f8cd5d3abfd3938850b5fd43') in 0.002062958 seconds
Number of updated asset objects reloaded before import = 0Number of asset objects unloaded after import = 3

========================================================================
Received Import Request.
  Time since last request: 0.000033 seconds.
  path: Assets/Sprites/Environment/Forest Tilemap/Tileset_20.asset
  artifactKey: Guid(bb16d755778b4481783a30cd9a2a025a) Importer(815301076,1909f56bfc062723c751e8b465ee728b)
Start importing Assets/Sprites/Environment/Forest Tilemap/Tileset_20.asset using Guid(bb16d755778b4481783a30cd9a2a025a) Importer(815301076,1909f56bfc062723c751e8b465ee728b) (PreviewImporter) -> (artifact id: '025a1fee3b27679df762727176ab324d') in 0.001632541 seconds
Number of updated asset objects reloaded before import = 0Number of asset objects unloaded after import = 3

========================================================================
Received Import Request.
  Time since last request: 0.000028 seconds.
  path: Assets/Sprites/Environment/Forest Tilemap/Tileset_10.asset
  artifactKey: Guid(7d2e82228b26545d189ddf7c8ad6b5ac) Importer(815301076,1909f56bfc062723c751e8b465ee728b)
Start importing Assets/Sprites/Environment/Forest Tilemap/Tileset_10.asset using Guid(7d2e82228b26545d189ddf7c8ad6b5ac) Importer(815301076,1909f56bfc062723c751e8b465ee728b) (PreviewImporter) -> (artifact id: '452ac788d1d8bef85830c7eba79789c4') in 0.002043167 seconds
Number of updated asset objects reloaded before import = 0Number of asset objects unloaded after import = 3

========================================================================
Received Import Request.
  Time since last request: 0.000026 seconds.
  path: Assets/Sprites/Environment/Forest Tilemap/Tileset_29.asset
  artifactKey: Guid(1fa9b0542356442ee90ba358f41c0f61) Importer(815301076,1909f56bfc062723c751e8b465ee728b)
Start importing Assets/Sprites/Environment/Forest Tilemap/Tileset_29.asset using Guid(1fa9b0542356442ee90ba358f41c0f61) Importer(815301076,1909f56bfc062723c751e8b465ee728b) (PreviewImporter) -> (artifact id: '937e34ba6eb7f4fa57ec76eda3a40660') in 0.002188791 seconds
Number of updated asset objects reloaded before import = 0Number of asset objects unloaded after import = 3

========================================================================
Received Import Request.
  Time since last request: 0.000032 seconds.
  path: Assets/Sprites/Environment/Forest Tilemap/Tileset_7.asset
  artifactKey: Guid(7e967ad929b2342b88f7efc3ed42f887) Importer(815301076,1909f56bfc062723c751e8b465ee728b)
Start importing Assets/Sprites/Environment/Forest Tilemap/Tileset_7.asset using Guid(7e967ad929b2342b88f7efc3ed42f887) Importer(815301076,1909f56bfc062723c751e8b465ee728b) (PreviewImporter) -> (artifact id: '796f4129e3c0a5a4401d17de76358993') in 0.001797291 seconds
Number of updated asset objects reloaded before import = 0Number of asset objects unloaded after import = 3

========================================================================
Received Import Request.
  Time since last request: 0.000032 seconds.
  path: Assets/Sprites/Environment/Forest Tilemap/Tileset_5.asset
  artifactKey: Guid(ebea78fd4e6f144eb8cce3cd2c5b6157) Importer(815301076,1909f56bfc062723c751e8b465ee728b)
Start importing Assets/Sprites/Environment/Forest Tilemap/Tileset_5.asset using Guid(ebea78fd4e6f144eb8cce3cd2c5b6157) Importer(815301076,1909f56bfc062723c751e8b465ee728b) (PreviewImporter) -> (artifact id: '9ad3678f83062fb9b124ac6488aa0724') in 0.002130666 seconds
Number of updated asset objects reloaded before import = 0Number of asset objects unloaded after import = 3

========================================================================
Received Import Request.
  Time since last request: 0.000034 seconds.
  path: Assets/Sprites/Environment/Forest Tilemap/Tileset_19.asset
  artifactKey: Guid(a3858b76897084af7bfa5cf49d9caa30) Importer(815301076,1909f56bfc062723c751e8b465ee728b)
Start importing Assets/Sprites/Environment/Forest Tilemap/Tileset_19.asset using Guid(a3858b76897084af7bfa5cf49d9caa30) Importer(815301076,1909f56bfc062723c751e8b465ee728b) (PreviewImporter) -> (artifact id: '42f310587869cf91ffea2c01f325e6af') in 0.002102584 seconds
Number of updated asset objects reloaded before import = 0Number of asset objects unloaded after import = 3

========================================================================
Received Import Request.
  Time since last request: 0.000035 seconds.
  path: Assets/Sprites/Environment/Forest Tilemap/Tileset_38.asset
  artifactKey: Guid(fb1d26ca236fa4433af2ce6395ff569e) Importer(815301076,1909f56bfc062723c751e8b465ee728b)
Start importing Assets/Sprites/Environment/Forest Tilemap/Tileset_38.asset using Guid(fb1d26ca236fa4433af2ce6395ff569e) Importer(815301076,1909f56bfc062723c751e8b465ee728b) (PreviewImporter) -> (artifact id: '9d2a4fe90fd067d01d08dad3871f0f81') in 0.002406791 seconds
Number of updated asset objects reloaded before import = 0Number of asset objects unloaded after import = 3

========================================================================
Received Import Request.
  Time since last request: 0.000035 seconds.
  path: Assets/Sprites/Environment/Forest Tilemap/Tileset_23.asset
  artifactKey: Guid(5f8df284addc841d597f19480adbb514) Importer(815301076,1909f56bfc062723c751e8b465ee728b)
Start importing Assets/Sprites/Environment/Forest Tilemap/Tileset_23.asset using Guid(5f8df284addc841d597f19480adbb514) Importer(815301076,1909f56bfc062723c751e8b465ee728b) (PreviewImporter) -> (artifact id: 'f8e8bf5f501f068a64167db3399a9e9b') in 0.002186291 seconds
Number of updated asset objects reloaded before import = 0Number of asset objects unloaded after import = 3

========================================================================
Received Import Request.
  Time since last request: 4.161416 seconds.
  path: Assets/Sprites/Environment/Forest Tilemap/Tileset_44.asset
  artifactKey: Guid(9bcd210766a99443b8a7def43fb0093a) Importer(815301076,1909f56bfc062723c751e8b465ee728b)
Start importing Assets/Sprites/Environment/Forest Tilemap/Tileset_44.asset using Guid(9bcd210766a99443b8a7def43fb0093a) Importer(815301076,1909f56bfc062723c751e8b465ee728b) (PreviewImporter) -> (artifact id: 'cd17acc2736a4ffe9e809401307f9476') in 0.005749417 seconds
Number of updated asset objects reloaded before import = 0Number of asset objects unloaded after import = 3

========================================================================
Received Import Request.
  Time since last request: 0.000035 seconds.
  path: Assets/Sprites/Environment/Forest Tilemap/Tileset_47.asset
  artifactKey: Guid(fcf89864e5e8e44f69928f71df787f31) Importer(815301076,1909f56bfc062723c751e8b465ee728b)
Start importing Assets/Sprites/Environment/Forest Tilemap/Tileset_47.asset using Guid(fcf89864e5e8e44f69928f71df787f31) Importer(815301076,1909f56bfc062723c751e8b465ee728b) (PreviewImporter) -> (artifact id: '0f1fc45fb18953981b90c5eac5fa831a') in 0.002382417 seconds
Number of updated asset objects reloaded before import = 0Number of asset objects unloaded after import = 3

========================================================================
Received Import Request.
  Time since last request: 0.000035 seconds.
  path: Assets/Sprites/Environment/Forest Tilemap/Tileset_52.asset
  artifactKey: Guid(1cf25c96519f74446911f50209cc69ea) Importer(815301076,1909f56bfc062723c751e8b465ee728b)
Start importing Assets/Sprites/Environment/Forest Tilemap/Tileset_52.asset using Guid(1cf25c96519f74446911f50209cc69ea) Importer(815301076,1909f56bfc062723c751e8b465ee728b) (PreviewImporter) -> (artifact id: 'cd8be396eff2cd26a22743e89f6b1743') in 0.002365917 seconds
Number of updated asset objects reloaded before import = 0Number of asset objects unloaded after import = 3

========================================================================
Received Import Request.
  Time since last request: 0.000044 seconds.
  path: Assets/Sprites/Environment/Forest Tilemap/Tileset_59.asset
  artifactKey: Guid(fd80c511f3ad247df83df13efecbe056) Importer(815301076,1909f56bfc062723c751e8b465ee728b)
Start importing Assets/Sprites/Environment/Forest Tilemap/Tileset_59.asset using Guid(fd80c511f3ad247df83df13efecbe056) Importer(815301076,1909f56bfc062723c751e8b465ee728b) (PreviewImporter) -> (artifact id: 'ba7531ab4ca1934941261f7332c8c148') in 0.002059417 seconds
Number of updated asset objects reloaded before import = 0Number of asset objects unloaded after import = 3

========================================================================
Received Import Request.
  Time since last request: 0.000030 seconds.
  path: Assets/Sprites/Environment/Forest Tilemap/Tileset_57.asset
  artifactKey: Guid(d3e3b36e02286473f95849371bd7e7a4) Importer(815301076,1909f56bfc062723c751e8b465ee728b)
Start importing Assets/Sprites/Environment/Forest Tilemap/Tileset_57.asset using Guid(d3e3b36e02286473f95849371bd7e7a4) Importer(815301076,1909f56bfc062723c751e8b465ee728b) (PreviewImporter) -> (artifact id: '14542f531660c4aa091f75f66f59b62c') in 0.002081667 seconds
Number of updated asset objects reloaded before import = 0Number of asset objects unloaded after import = 3

========================================================================
Received Import Request.
  Time since last request: 0.000042 seconds.
  path: Assets/Sprites/Environment/Forest Tilemap/Tileset_58.asset
  artifactKey: Guid(87f3bb0f13d824c8d84f005f57d2f448) Importer(815301076,1909f56bfc062723c751e8b465ee728b)
Start importing Assets/Sprites/Environment/Forest Tilemap/Tileset_58.asset using Guid(87f3bb0f13d824c8d84f005f57d2f448) Importer(815301076,1909f56bfc062723c751e8b465ee728b) (PreviewImporter) -> (artifact id: '2bf1a3eef591e5825d864b5d3980b34c') in 0.002404625 seconds
Number of updated asset objects reloaded before import = 0Number of asset objects unloaded after import = 3

========================================================================
Received Import Request.
  Time since last request: 0.000044 seconds.
  path: Assets/Sprites/Environment/Forest Tilemap/Tileset_55.asset
  artifactKey: Guid(3cd2e1795d46f41f6a94134cde37ee32) Importer(815301076,1909f56bfc062723c751e8b465ee728b)
Start importing Assets/Sprites/Environment/Forest Tilemap/Tileset_55.asset using Guid(3cd2e1795d46f41f6a94134cde37ee32) Importer(815301076,1909f56bfc062723c751e8b465ee728b) (PreviewImporter) -> (artifact id: 'eb9d0bcc54f459ded0e935ca1236dfbf') in 0.002206709 seconds
Number of updated asset objects reloaded before import = 0Number of asset objects unloaded after import = 3

Editor requested this worker to shutdown with reason: Scaling down because of idle timeout
AssetImportWorker is now disconnected from the server
Process exiting
