Unity Editor version:    6000.0.35f1 (9a3bc604008a)
Branch:                  6000.0/release
Build type:              Release
Batch mode:              YES
macOS version:           Version 15.6 (Build 24G84)
Darwin version:          24.6.0
Architecture:            arm64
Running under Rosetta:   NO
Available memory:        24576 MB
Using pre-set license
Pro License: YES

COMMAND LINE ARGUMENTS:
/Applications/Unity/Hub/Editor/6000.0.35f1/Unity.app/Contents/MacOS/Unity
-adb2
-batchMode
-noUpm
-name
AssetImportWorker10
-projectPath
/Users/lorser/Desktop/Unity Projects/First-Platformer/First Platformer
-logFile
Logs/AssetImportWorker10.log
-srvPort
51059
-job-worker-count
6
-background-job-worker-count
8
-gc-helper-count
1
Successfully changed project path to: /Users/lorser/Desktop/Unity Projects/First-Platformer/First Platformer
/Users/lorser/Desktop/Unity Projects/First-Platformer/First Platformer
[UnityMemory] Configuration Parameters - Can be set up in boot.config
    "memorysetup-bucket-allocator-granularity=16"
    "memorysetup-bucket-allocator-bucket-count=8"
    "memorysetup-bucket-allocator-block-size=33554432"
    "memorysetup-bucket-allocator-block-count=8"
    "memorysetup-main-allocator-block-size=16777216"
    "memorysetup-thread-allocator-block-size=16777216"
    "memorysetup-gfx-main-allocator-block-size=16777216"
    "memorysetup-gfx-thread-allocator-block-size=16777216"
    "memorysetup-cache-allocator-block-size=4194304"
    "memorysetup-typetree-allocator-block-size=2097152"
    "memorysetup-profiler-bucket-allocator-granularity=16"
    "memorysetup-profiler-bucket-allocator-bucket-count=8"
    "memorysetup-profiler-bucket-allocator-block-size=33554432"
    "memorysetup-profiler-bucket-allocator-block-count=8"
    "memorysetup-profiler-allocator-block-size=16777216"
    "memorysetup-profiler-editor-allocator-block-size=1048576"
    "memorysetup-temp-allocator-size-main=16777216"
    "memorysetup-job-temp-allocator-block-size=2097152"
    "memorysetup-job-temp-allocator-block-size-background=1048576"
    "memorysetup-job-temp-allocator-reduction-small-platforms=262144"
    "memorysetup-allocator-temp-initial-block-size-main=262144"
    "memorysetup-allocator-temp-initial-block-size-worker=262144"
    "memorysetup-temp-allocator-size-background-worker=32768"
    "memorysetup-temp-allocator-size-job-worker=262144"
    "memorysetup-temp-allocator-size-preload-manager=33554432"
    "memorysetup-temp-allocator-size-nav-mesh-worker=65536"
    "memorysetup-temp-allocator-size-audio-worker=65536"
    "memorysetup-temp-allocator-size-cloud-worker=32768"
    "memorysetup-temp-allocator-size-gi-baking-worker=262144"
    "memorysetup-temp-allocator-size-gi-baking-worker=262144"
    "memorysetup-temp-allocator-size-gi-baking-worker=262144"
    "memorysetup-temp-allocator-size-gi-baking-worker=262144"
    "memorysetup-temp-allocator-size-gi-baking-worker=262144"
    "memorysetup-temp-allocator-size-gfx=262144"
Player connection [8446714048]  Target information:

Player connection [8446714048]  * "[IP] 172.20.10.12 [Port] 0 [Flags] 2 [Guid] 2364521972 [EditorId] 2364521972 [Version] 1048832 [Id] OSXEditor(0,MacBook-Pro-Ertal.local) [Debug] 1 [PackageName] OSXEditor [ProjectName] Editor" 

Player connection [8446714048] Host joined multi-casting on [225.0.0.222:54997]...
Player connection [8446714048] Host joined alternative multi-casting on [225.0.0.222:34997]...
JobSystem: Creating JobQueue using job-worker-count value 6
Input System module state changed to: Initialized.
[Physics::Module] Initialized fallback backend.
[Physics::Module] Id: 0xdecafbad
Library Redirect Path: Library/
[Physics::Module] Selected backend.
[Physics::Module] Name: PhysX
[Physics::Module] Id: 0xf2b8ea05
[Physics::Module] SDK Version: 4.1.2
[Physics::Module] Integration Version: 1.0.0
[Physics::Module] Threading Mode: Multi-Threaded
Refreshing native plugins compatible for Editor in 0.55 ms, found 3 plugins.
Preloading 0 native plugins for Editor in 0.00 ms.
Initialize engine version: 6000.0.35f1 (9a3bc604008a)
[Subsystems] Discovering subsystems at path /Applications/Unity/Hub/Editor/6000.0.35f1/Unity.app/Contents/Resources/UnitySubsystems
[Subsystems] Discovering subsystems at path /Users/lorser/Desktop/Unity Projects/First-Platformer/First Platformer/Assets
GfxDevice: creating device client; kGfxThreadingModeNonThreaded
 preferred device: Apple M4 Pro (high power)
Metal devices available: 1
0: Apple M4 Pro (high power)
Using device Apple M4 Pro (high power)
Initializing Metal device caps: Apple M4 Pro
Initialize mono
Mono path[0] = '/Applications/Unity/Hub/Editor/6000.0.35f1/Unity.app/Contents/Managed'
Mono path[1] = '/Applications/Unity/Hub/Editor/6000.0.35f1/Unity.app/Contents/MonoBleedingEdge/lib/mono/unityjit-macos'
Mono config path = '/Applications/Unity/Hub/Editor/6000.0.35f1/Unity.app/Contents/MonoBleedingEdge/etc'
Using monoOptions --debugger-agent=transport=dt_socket,embedding=1,server=y,suspend=n,address=127.0.0.1:56155
Begin MonoManager ReloadAssembly
Registering precompiled unity dll's ...
Register platform support module: /Applications/Unity/Hub/Editor/6000.0.35f1/PlaybackEngines/WebGLSupport/UnityEditor.WebGL.Extensions.dll
Register platform support module: /Applications/Unity/Hub/Editor/6000.0.35f1/Unity.app/Contents/PlaybackEngines/MacStandaloneSupport/UnityEditor.OSXStandalone.Extensions.dll
Register platform support module: /Applications/Unity/Hub/Editor/6000.0.35f1/PlaybackEngines/AndroidPlayer/UnityEditor.Android.Extensions.dll
Registered in 0.000711 seconds.
- Loaded All Assemblies, in  0.172 seconds
Native extension for Android target not found
Android Extension - Scanning For ADB Devices 58 ms
Native extension for OSXStandalone target not found
Native extension for WebGL target not found
Mono: successfully reloaded assembly
- Finished resetting the current domain, in  0.272 seconds
Domain Reload Profiling: 444ms
	BeginReloadAssembly (38ms)
		ExecutionOrderSort (0ms)
		DisableScriptedObjects (0ms)
		BackupInstance (0ms)
		ReleaseScriptingObjects (0ms)
		CreateAndSetChildDomain (0ms)
	RebuildCommonClasses (21ms)
	RebuildNativeTypeToScriptingClass (7ms)
	initialDomainReloadingComplete (20ms)
	LoadAllAssembliesAndSetupDomain (86ms)
		LoadAssemblies (38ms)
		RebuildTransferFunctionScriptingTraits (0ms)
		AnalyzeDomain (85ms)
			TypeCache.Refresh (84ms)
				TypeCache.ScanAssembly (78ms)
			BuildScriptInfoCaches (0ms)
			ResolveRequiredComponents (0ms)
	FinalizeReload (273ms)
		ReleaseScriptCaches (0ms)
		RebuildScriptCaches (0ms)
		SetupLoadedEditorAssemblies (245ms)
			LogAssemblyErrors (0ms)
			InitializePlatformSupportModulesInManaged (114ms)
			SetLoadedEditorAssemblies (2ms)
			BeforeProcessingInitializeOnLoad (29ms)
			ProcessInitializeOnLoadAttributes (66ms)
			ProcessInitializeOnLoadMethodAttributes (34ms)
			AfterProcessingInitializeOnLoad (0ms)
			EditorAssembliesLoaded (0ms)
		ExecutionOrderSort2 (0ms)
		AwakeInstancesAfterBackupRestoration (0ms)
========================================================================
Worker process is ready to serve import requests
Import Worker Mode flag is 0x00
Begin MonoManager ReloadAssembly
- Loaded All Assemblies, in  0.359 seconds
Refreshing native plugins compatible for Editor in 0.36 ms, found 3 plugins.
Native extension for Android target not found
Native extension for OSXStandalone target not found
Native extension for WebGL target not found
Mono: successfully reloaded assembly
- Finished resetting the current domain, in  0.428 seconds
Domain Reload Profiling: 787ms
	BeginReloadAssembly (68ms)
		ExecutionOrderSort (0ms)
		DisableScriptedObjects (3ms)
		BackupInstance (0ms)
		ReleaseScriptingObjects (0ms)
		CreateAndSetChildDomain (23ms)
	RebuildCommonClasses (21ms)
	RebuildNativeTypeToScriptingClass (7ms)
	initialDomainReloadingComplete (18ms)
	LoadAllAssembliesAndSetupDomain (245ms)
		LoadAssemblies (124ms)
		RebuildTransferFunctionScriptingTraits (0ms)
		AnalyzeDomain (147ms)
			TypeCache.Refresh (113ms)
				TypeCache.ScanAssembly (103ms)
			BuildScriptInfoCaches (27ms)
			ResolveRequiredComponents (6ms)
	FinalizeReload (429ms)
		ReleaseScriptCaches (0ms)
		RebuildScriptCaches (0ms)
		SetupLoadedEditorAssemblies (350ms)
			LogAssemblyErrors (0ms)
			InitializePlatformSupportModulesInManaged (5ms)
			SetLoadedEditorAssemblies (3ms)
			BeforeProcessingInitializeOnLoad (81ms)
			ProcessInitializeOnLoadAttributes (212ms)
			ProcessInitializeOnLoadMethodAttributes (49ms)
			AfterProcessingInitializeOnLoad (1ms)
			EditorAssembliesLoaded (0ms)
		ExecutionOrderSort2 (0ms)
		AwakeInstancesAfterBackupRestoration (1ms)
Launching external process: /Applications/Unity/Hub/Editor/6000.0.35f1/Unity.app/Contents/Tools/UnityShaderCompiler
Launched and connected shader compiler UnityShaderCompiler after 0.02 seconds
Refreshing native plugins compatible for Editor in 0.39 ms, found 3 plugins.
Preloading 0 native plugins for Editor in 0.00 ms.
Unloading 206 Unused Serialized files (Serialized files now loaded: 0)
Unloading 6755 unused Assets / (4.2 MB). Loaded Objects now: 7457.
Memory consumption went from 176.1 MB to 171.9 MB.
Total: 4.665917 ms (FindLiveObjects: 0.261750 ms CreateObjectMapping: 0.122500 ms MarkObjects: 3.218417 ms  DeleteObjects: 1.062958 ms)

========================================================================
Received Import Request.
  Time since last request: 73413.406506 seconds.
  path: Assets/Sprites/Environment/Hive/TX/Hive_106.asset
  artifactKey: Guid(ccafcb897e38549e2af0b42314b262eb) Importer(2089858483,192608db42251d675da83286b1cce702)
Start importing Assets/Sprites/Environment/Hive/TX/Hive_106.asset using Guid(ccafcb897e38549e2af0b42314b262eb) Importer(2089858483,192608db42251d675da83286b1cce702) (ScriptedImporter) -> (artifact id: '83389259ece54c95b643d1bf4b22aed5') in 0.09859225 seconds
Number of updated asset objects reloaded before import = 0Number of asset objects unloaded after import = 2

========================================================================
Received Import Request.
  Time since last request: 0.000046 seconds.
  path: Assets/Sprites/Environment/Hive/TX/Hive_107.asset
  artifactKey: Guid(097fc14e15b16427ba20ec3bfa9fedd3) Importer(2089858483,192608db42251d675da83286b1cce702)
Start importing Assets/Sprites/Environment/Hive/TX/Hive_107.asset using Guid(097fc14e15b16427ba20ec3bfa9fedd3) Importer(2089858483,192608db42251d675da83286b1cce702) (ScriptedImporter) -> (artifact id: '4de0c9e86964c363b28361dc2b4f3ef7') in 0.002473334 seconds
Number of updated asset objects reloaded before import = 0Number of asset objects unloaded after import = 2

========================================================================
Received Import Request.
  Time since last request: 0.000025 seconds.
  path: Assets/Sprites/Environment/Hive/TX/Hive_20.asset
  artifactKey: Guid(0b1a49bfafc444c789591fb4463c41e0) Importer(2089858483,192608db42251d675da83286b1cce702)
Start importing Assets/Sprites/Environment/Hive/TX/Hive_20.asset using Guid(0b1a49bfafc444c789591fb4463c41e0) Importer(2089858483,192608db42251d675da83286b1cce702) (ScriptedImporter) -> (artifact id: '621986b870ec88c8c9b1d475bca98bca') in 0.002892708 seconds
Number of updated asset objects reloaded before import = 0Number of asset objects unloaded after import = 2

========================================================================
Received Import Request.
  Time since last request: 0.000040 seconds.
  path: Assets/Sprites/Environment/Hive/TX/Hive_1.asset
  artifactKey: Guid(31a0dfbff37c04a6f93ff81f31387e65) Importer(2089858483,192608db42251d675da83286b1cce702)
Start importing Assets/Sprites/Environment/Hive/TX/Hive_1.asset using Guid(31a0dfbff37c04a6f93ff81f31387e65) Importer(2089858483,192608db42251d675da83286b1cce702) (ScriptedImporter) -> (artifact id: '3384b0c1671fbac5a7adcf8c8ca5e7e6') in 0.002634916 seconds
Number of updated asset objects reloaded before import = 0Number of asset objects unloaded after import = 2

========================================================================
Received Import Request.
  Time since last request: 0.000034 seconds.
  path: Assets/Sprites/Environment/Hive/TX/Hive_26.asset
  artifactKey: Guid(eba996f4c809e45ab92244d22851787e) Importer(2089858483,192608db42251d675da83286b1cce702)
Start importing Assets/Sprites/Environment/Hive/TX/Hive_26.asset using Guid(eba996f4c809e45ab92244d22851787e) Importer(2089858483,192608db42251d675da83286b1cce702) (ScriptedImporter) -> (artifact id: 'a57e03202bcbdbb739ebcc2b014d8312') in 0.002272625 seconds
Number of updated asset objects reloaded before import = 0Number of asset objects unloaded after import = 2

========================================================================
Received Import Request.
  Time since last request: 0.000037 seconds.
  path: Assets/Sprites/Environment/Hive/TX/Hive_97.asset
  artifactKey: Guid(60473cd47ed34416bb71905b0a09712c) Importer(2089858483,192608db42251d675da83286b1cce702)
Start importing Assets/Sprites/Environment/Hive/TX/Hive_97.asset using Guid(60473cd47ed34416bb71905b0a09712c) Importer(2089858483,192608db42251d675da83286b1cce702) (ScriptedImporter) -> (artifact id: '142f853b696732d671ad03a6ad8a512a') in 0.002516375 seconds
Number of updated asset objects reloaded before import = 0Number of asset objects unloaded after import = 2

========================================================================
Received Import Request.
  Time since last request: 0.000039 seconds.
  path: Assets/Sprites/Environment/Hive/TX/Hive_76.asset
  artifactKey: Guid(84f92b1bb8bdf4140b6df5a2e6ee8c5b) Importer(2089858483,192608db42251d675da83286b1cce702)
Start importing Assets/Sprites/Environment/Hive/TX/Hive_76.asset using Guid(84f92b1bb8bdf4140b6df5a2e6ee8c5b) Importer(2089858483,192608db42251d675da83286b1cce702) (ScriptedImporter) -> (artifact id: 'f9561d18f3501c7ecdffb54e5d836c8e') in 0.005657 seconds
Number of updated asset objects reloaded before import = 0Number of asset objects unloaded after import = 2

========================================================================
Received Import Request.
  Time since last request: 0.000041 seconds.
  path: Assets/Sprites/Environment/Hive/TX/Hive_44.asset
  artifactKey: Guid(05097e4b4fcb2462d889d3aa7acd73b2) Importer(2089858483,192608db42251d675da83286b1cce702)
Start importing Assets/Sprites/Environment/Hive/TX/Hive_44.asset using Guid(05097e4b4fcb2462d889d3aa7acd73b2) Importer(2089858483,192608db42251d675da83286b1cce702) (ScriptedImporter) -> (artifact id: '1d48bddafdf2ff09a2ccc4175e2dd6db') in 0.00241625 seconds
Number of updated asset objects reloaded before import = 0Number of asset objects unloaded after import = 2

========================================================================
Received Import Request.
  Time since last request: 0.000032 seconds.
  path: Assets/Sprites/Environment/Hive/TX/Hive_98.asset
  artifactKey: Guid(48f91bf92c9bb4e73b9cdf08ac81218b) Importer(2089858483,192608db42251d675da83286b1cce702)
Start importing Assets/Sprites/Environment/Hive/TX/Hive_98.asset using Guid(48f91bf92c9bb4e73b9cdf08ac81218b) Importer(2089858483,192608db42251d675da83286b1cce702) (ScriptedImporter) -> (artifact id: 'f0de4078243ae95e32df53267f917466') in 0.002955958 seconds
Number of updated asset objects reloaded before import = 0Number of asset objects unloaded after import = 2

========================================================================
Received Import Request.
  Time since last request: 0.000033 seconds.
  path: Assets/Sprites/Environment/Hive/TX/Hive_83.asset
  artifactKey: Guid(72834a916597940d5934c721d230d51d) Importer(2089858483,192608db42251d675da83286b1cce702)
Start importing Assets/Sprites/Environment/Hive/TX/Hive_83.asset using Guid(72834a916597940d5934c721d230d51d) Importer(2089858483,192608db42251d675da83286b1cce702) (ScriptedImporter) -> (artifact id: '433c8dd5ba7406418af98e1e40ddc20d') in 0.003388333 seconds
Number of updated asset objects reloaded before import = 0Number of asset objects unloaded after import = 2

========================================================================
Received Import Request.
  Time since last request: 0.000028 seconds.
  path: Assets/Sprites/Environment/Hive/TX/Hive_59.asset
  artifactKey: Guid(c98ed145ec3f24b998fd43d384a3f292) Importer(2089858483,192608db42251d675da83286b1cce702)
Start importing Assets/Sprites/Environment/Hive/TX/Hive_59.asset using Guid(c98ed145ec3f24b998fd43d384a3f292) Importer(2089858483,192608db42251d675da83286b1cce702) (ScriptedImporter) -> (artifact id: 'e97b0fc5f603ea9b163e040fee57a771') in 0.004287417 seconds
Number of updated asset objects reloaded before import = 0Number of asset objects unloaded after import = 2

========================================================================
Received Import Request.
  Time since last request: 0.000029 seconds.
  path: Assets/Sprites/Environment/Hive/TX/Hive_114.asset
  artifactKey: Guid(da7d49de3c40d40789e2ee8772bcf6e9) Importer(2089858483,192608db42251d675da83286b1cce702)
Start importing Assets/Sprites/Environment/Hive/TX/Hive_114.asset using Guid(da7d49de3c40d40789e2ee8772bcf6e9) Importer(2089858483,192608db42251d675da83286b1cce702) (ScriptedImporter) -> (artifact id: 'af657f686ebb92fba126ddd309146896') in 0.002282292 seconds
Number of updated asset objects reloaded before import = 0Number of asset objects unloaded after import = 2

========================================================================
Received Import Request.
  Time since last request: 0.000039 seconds.
  path: Assets/Sprites/Environment/Hive/TX/Hive_96.asset
  artifactKey: Guid(757953aedf279412da4103ea376750f5) Importer(2089858483,192608db42251d675da83286b1cce702)
Start importing Assets/Sprites/Environment/Hive/TX/Hive_96.asset using Guid(757953aedf279412da4103ea376750f5) Importer(2089858483,192608db42251d675da83286b1cce702) (ScriptedImporter) -> (artifact id: 'ccdb0e53240684e1aea9bc93c5c0923f') in 0.00225675 seconds
Number of updated asset objects reloaded before import = 0Number of asset objects unloaded after import = 2

========================================================================
Received Import Request.
  Time since last request: 0.000034 seconds.
  path: Assets/Sprites/Environment/Hive/TX/Hive_6.asset
  artifactKey: Guid(c084db0407c084b33b90f3ffb9071ab0) Importer(2089858483,192608db42251d675da83286b1cce702)
Start importing Assets/Sprites/Environment/Hive/TX/Hive_6.asset using Guid(c084db0407c084b33b90f3ffb9071ab0) Importer(2089858483,192608db42251d675da83286b1cce702) (ScriptedImporter) -> (artifact id: 'df3d40462bb129fd6ec3dcec6b6adce3') in 0.002378916 seconds
Number of updated asset objects reloaded before import = 0Number of asset objects unloaded after import = 2

========================================================================
Received Import Request.
  Time since last request: 0.000029 seconds.
  path: Assets/Sprites/Environment/Hive/TX/Hive_25.asset
  artifactKey: Guid(762a4c0e14c874d539959fb977ae0054) Importer(2089858483,192608db42251d675da83286b1cce702)
Start importing Assets/Sprites/Environment/Hive/TX/Hive_25.asset using Guid(762a4c0e14c874d539959fb977ae0054) Importer(2089858483,192608db42251d675da83286b1cce702) (ScriptedImporter) -> (artifact id: '36694097d3d47e5aecc966405b1434bf') in 0.002723167 seconds
Number of updated asset objects reloaded before import = 0Number of asset objects unloaded after import = 2

========================================================================
Received Import Request.
  Time since last request: 0.000039 seconds.
  path: Assets/Sprites/Environment/Hive/TX/Hive_67.asset
  artifactKey: Guid(602081edddfa744eb92ce7d2df97d435) Importer(2089858483,192608db42251d675da83286b1cce702)
Start importing Assets/Sprites/Environment/Hive/TX/Hive_67.asset using Guid(602081edddfa744eb92ce7d2df97d435) Importer(2089858483,192608db42251d675da83286b1cce702) (ScriptedImporter) -> (artifact id: '5493137a356e7e45adf14a9f44135194') in 0.002234958 seconds
Number of updated asset objects reloaded before import = 0Number of asset objects unloaded after import = 2

========================================================================
Received Import Request.
  Time since last request: 0.000028 seconds.
  path: Assets/Sprites/Environment/Hive/TX/Hive_111.asset
  artifactKey: Guid(bc1f3c85ca3be4d30b10d028b88e5760) Importer(2089858483,192608db42251d675da83286b1cce702)
Start importing Assets/Sprites/Environment/Hive/TX/Hive_111.asset using Guid(bc1f3c85ca3be4d30b10d028b88e5760) Importer(2089858483,192608db42251d675da83286b1cce702) (ScriptedImporter) -> (artifact id: '51cdca94ecba1594717d13b95cdd35b4') in 0.002369416 seconds
Number of updated asset objects reloaded before import = 0Number of asset objects unloaded after import = 2

========================================================================
Received Import Request.
  Time since last request: 0.000033 seconds.
  path: Assets/Sprites/Environment/Hive/TX/Hive_80.asset
  artifactKey: Guid(df661fb309d7941f1b8b6070d9b58298) Importer(2089858483,192608db42251d675da83286b1cce702)
Start importing Assets/Sprites/Environment/Hive/TX/Hive_80.asset using Guid(df661fb309d7941f1b8b6070d9b58298) Importer(2089858483,192608db42251d675da83286b1cce702) (ScriptedImporter) -> (artifact id: '0be597a0b34b85e57b67018a6158589c') in 0.002311917 seconds
Number of updated asset objects reloaded before import = 0Number of asset objects unloaded after import = 2

========================================================================
Received Import Request.
  Time since last request: 0.000029 seconds.
  path: Assets/Sprites/Environment/Hive/TX/Hive_70.asset
  artifactKey: Guid(86fe8ea6d3c6447fa979ece505a8c4a4) Importer(2089858483,192608db42251d675da83286b1cce702)
Start importing Assets/Sprites/Environment/Hive/TX/Hive_70.asset using Guid(86fe8ea6d3c6447fa979ece505a8c4a4) Importer(2089858483,192608db42251d675da83286b1cce702) (ScriptedImporter) -> (artifact id: '92eb42873a67477244122b9c3d620b1f') in 0.002241542 seconds
Number of updated asset objects reloaded before import = 0Number of asset objects unloaded after import = 2

========================================================================
Received Import Request.
  Time since last request: 0.000039 seconds.
  path: Assets/Sprites/Environment/Hive/TX/Hive_82.asset
  artifactKey: Guid(7f38e9c3386ce45d0a0acac95dbd0b2b) Importer(2089858483,192608db42251d675da83286b1cce702)
Start importing Assets/Sprites/Environment/Hive/TX/Hive_82.asset using Guid(7f38e9c3386ce45d0a0acac95dbd0b2b) Importer(2089858483,192608db42251d675da83286b1cce702) (ScriptedImporter) -> (artifact id: '59c1683edb3567b7b51b038c2632ab9f') in 0.002494375 seconds
Number of updated asset objects reloaded before import = 0Number of asset objects unloaded after import = 2

========================================================================
Received Import Request.
  Time since last request: 0.000034 seconds.
  path: Assets/Sprites/Environment/Hive/TX/Hive_71.asset
  artifactKey: Guid(c44c5c12d8d5847edb0a8ccd223c71a5) Importer(2089858483,192608db42251d675da83286b1cce702)
Start importing Assets/Sprites/Environment/Hive/TX/Hive_71.asset using Guid(c44c5c12d8d5847edb0a8ccd223c71a5) Importer(2089858483,192608db42251d675da83286b1cce702) (ScriptedImporter) -> (artifact id: 'd60f783ebddefc7ff9f2d33336034b43') in 0.002375 seconds
Number of updated asset objects reloaded before import = 0Number of asset objects unloaded after import = 2

========================================================================
Received Import Request.
  Time since last request: 0.000043 seconds.
  path: Assets/Sprites/Environment/Hive/TX/Hive_105.asset
  artifactKey: Guid(640d647a24ae5489f9602a30b5b63f9b) Importer(2089858483,192608db42251d675da83286b1cce702)
Start importing Assets/Sprites/Environment/Hive/TX/Hive_105.asset using Guid(640d647a24ae5489f9602a30b5b63f9b) Importer(2089858483,192608db42251d675da83286b1cce702) (ScriptedImporter) -> (artifact id: '19cd3bd3bc7c73a29305900c3d9cba54') in 0.002303458 seconds
Number of updated asset objects reloaded before import = 0Number of asset objects unloaded after import = 2

========================================================================
Received Import Request.
  Time since last request: 0.000034 seconds.
  path: Assets/Sprites/Environment/Hive/TX/Hive_36.asset
  artifactKey: Guid(940d8eb671d6d46db8cecb9ae9301035) Importer(2089858483,192608db42251d675da83286b1cce702)
Start importing Assets/Sprites/Environment/Hive/TX/Hive_36.asset using Guid(940d8eb671d6d46db8cecb9ae9301035) Importer(2089858483,192608db42251d675da83286b1cce702) (ScriptedImporter) -> (artifact id: 'd9999e3243dd45b549734d0053e0b945') in 0.002169875 seconds
Number of updated asset objects reloaded before import = 0Number of asset objects unloaded after import = 2

========================================================================
Received Import Request.
  Time since last request: 0.000043 seconds.
  path: Assets/Sprites/Environment/Hive/TX/Hive_4.asset
  artifactKey: Guid(8c447280f8bde4fe2a923582f2b90f34) Importer(2089858483,192608db42251d675da83286b1cce702)
Start importing Assets/Sprites/Environment/Hive/TX/Hive_4.asset using Guid(8c447280f8bde4fe2a923582f2b90f34) Importer(2089858483,192608db42251d675da83286b1cce702) (ScriptedImporter) -> (artifact id: '7c6b32ff9748cb4e4e2df4bbedde649e') in 0.002351708 seconds
Number of updated asset objects reloaded before import = 0Number of asset objects unloaded after import = 2

========================================================================
Received Import Request.
  Time since last request: 0.000036 seconds.
  path: Assets/Sprites/Environment/Hive/TX/Hive_21.asset
  artifactKey: Guid(757ebed91ce4c4ef38eeed4bc5088aa3) Importer(2089858483,192608db42251d675da83286b1cce702)
Start importing Assets/Sprites/Environment/Hive/TX/Hive_21.asset using Guid(757ebed91ce4c4ef38eeed4bc5088aa3) Importer(2089858483,192608db42251d675da83286b1cce702) (ScriptedImporter) -> (artifact id: '08107d7d8f0cbcb61c6fa00fb03d82fa') in 0.002253709 seconds
Number of updated asset objects reloaded before import = 0Number of asset objects unloaded after import = 2

========================================================================
Received Import Request.
  Time since last request: 0.000034 seconds.
  path: Assets/Sprites/Environment/Hive/TX/Hive_100.asset
  artifactKey: Guid(bb1427686cc2d4a5881288a16b37bb25) Importer(2089858483,192608db42251d675da83286b1cce702)
Start importing Assets/Sprites/Environment/Hive/TX/Hive_100.asset using Guid(bb1427686cc2d4a5881288a16b37bb25) Importer(2089858483,192608db42251d675da83286b1cce702) (ScriptedImporter) -> (artifact id: '0864b2d7cef047835990386e90655284') in 0.00213025 seconds
Number of updated asset objects reloaded before import = 0Number of asset objects unloaded after import = 2

========================================================================
Received Import Request.
  Time since last request: 0.000039 seconds.
  path: Assets/Sprites/Environment/Hive/TX/Hive_113.asset
  artifactKey: Guid(afa7835a518c747d3a1a091b2380e0f8) Importer(2089858483,192608db42251d675da83286b1cce702)
Start importing Assets/Sprites/Environment/Hive/TX/Hive_113.asset using Guid(afa7835a518c747d3a1a091b2380e0f8) Importer(2089858483,192608db42251d675da83286b1cce702) (ScriptedImporter) -> (artifact id: 'bc8de99511a964c9d87c16dd5623e226') in 0.003869 seconds
Number of updated asset objects reloaded before import = 0Number of asset objects unloaded after import = 2

========================================================================
Received Import Request.
  Time since last request: 0.000044 seconds.
  path: Assets/Sprites/Environment/Hive/TX/Hive_74.asset
  artifactKey: Guid(7c7990b06fdb747af90000856bd44f9b) Importer(2089858483,192608db42251d675da83286b1cce702)
Start importing Assets/Sprites/Environment/Hive/TX/Hive_74.asset using Guid(7c7990b06fdb747af90000856bd44f9b) Importer(2089858483,192608db42251d675da83286b1cce702) (ScriptedImporter) -> (artifact id: '492962b378a8c5f3954e7e6c2060566d') in 0.002396833 seconds
Number of updated asset objects reloaded before import = 0Number of asset objects unloaded after import = 2

========================================================================
Received Import Request.
  Time since last request: 0.000038 seconds.
  path: Assets/Sprites/Environment/Hive/TX/Hive_109.asset
  artifactKey: Guid(e2f036faf878746138161c58700ef17c) Importer(2089858483,192608db42251d675da83286b1cce702)
Start importing Assets/Sprites/Environment/Hive/TX/Hive_109.asset using Guid(e2f036faf878746138161c58700ef17c) Importer(2089858483,192608db42251d675da83286b1cce702) (ScriptedImporter) -> (artifact id: 'c721a0655bff75318a345787aee16b0e') in 0.002437834 seconds
Number of updated asset objects reloaded before import = 0Number of asset objects unloaded after import = 2

========================================================================
Received Import Request.
  Time since last request: 0.000039 seconds.
  path: Assets/Sprites/Environment/Hive/TX/Hive_50.asset
  artifactKey: Guid(500cfc9b53ae24dbb990fde7a54182c6) Importer(2089858483,192608db42251d675da83286b1cce702)
Start importing Assets/Sprites/Environment/Hive/TX/Hive_50.asset using Guid(500cfc9b53ae24dbb990fde7a54182c6) Importer(2089858483,192608db42251d675da83286b1cce702) (ScriptedImporter) -> (artifact id: 'bc483a6ab6235ff563a7b889b38b7e43') in 0.002494542 seconds
Number of updated asset objects reloaded before import = 0Number of asset objects unloaded after import = 2

========================================================================
Received Import Request.
  Time since last request: 0.000032 seconds.
  path: Assets/Sprites/Environment/Hive/TX/Hive_55.asset
  artifactKey: Guid(e2d3fb7ed043a43e58a8837e5484db95) Importer(2089858483,192608db42251d675da83286b1cce702)
Start importing Assets/Sprites/Environment/Hive/TX/Hive_55.asset using Guid(e2d3fb7ed043a43e58a8837e5484db95) Importer(2089858483,192608db42251d675da83286b1cce702) (ScriptedImporter) -> (artifact id: '4fce0f4f41edb4a923b6f275e50151e1') in 0.002229084 seconds
Number of updated asset objects reloaded before import = 0Number of asset objects unloaded after import = 2

========================================================================
Received Import Request.
  Time since last request: 0.000035 seconds.
  path: Assets/Sprites/Environment/Hive/TX/Hive_75.asset
  artifactKey: Guid(058aa78d230c64d3aa0e5fc7f092f732) Importer(2089858483,192608db42251d675da83286b1cce702)
Start importing Assets/Sprites/Environment/Hive/TX/Hive_75.asset using Guid(058aa78d230c64d3aa0e5fc7f092f732) Importer(2089858483,192608db42251d675da83286b1cce702) (ScriptedImporter) -> (artifact id: '2a99b319bbe47c6656d2754ab50c48b0') in 0.0024035 seconds
Number of updated asset objects reloaded before import = 0Number of asset objects unloaded after import = 2

========================================================================
Received Import Request.
  Time since last request: 0.000042 seconds.
  path: Assets/Sprites/Environment/Hive/TX/Hive_86.asset
  artifactKey: Guid(a67b014b9620544d4a2733862964b367) Importer(2089858483,192608db42251d675da83286b1cce702)
Start importing Assets/Sprites/Environment/Hive/TX/Hive_86.asset using Guid(a67b014b9620544d4a2733862964b367) Importer(2089858483,192608db42251d675da83286b1cce702) (ScriptedImporter) -> (artifact id: '47c41e02961fadbf0a1644f09c773e18') in 0.002315625 seconds
Number of updated asset objects reloaded before import = 0Number of asset objects unloaded after import = 2

========================================================================
Received Import Request.
  Time since last request: 0.000038 seconds.
  path: Assets/Sprites/Environment/Hive/TX/Hive_10.asset
  artifactKey: Guid(ea2ec70f7157b4ca7b5e461d788eb8aa) Importer(2089858483,192608db42251d675da83286b1cce702)
Start importing Assets/Sprites/Environment/Hive/TX/Hive_10.asset using Guid(ea2ec70f7157b4ca7b5e461d788eb8aa) Importer(2089858483,192608db42251d675da83286b1cce702) (ScriptedImporter) -> (artifact id: 'adce6dbd92729773cd6c304c1af7f3d4') in 0.002541375 seconds
Number of updated asset objects reloaded before import = 0Number of asset objects unloaded after import = 2

========================================================================
Received Import Request.
  Time since last request: 0.000037 seconds.
  path: Assets/Sprites/Environment/Hive/TX/Hive_52.asset
  artifactKey: Guid(a00c8390d3a0740eabb14c67084c2de6) Importer(2089858483,192608db42251d675da83286b1cce702)
Start importing Assets/Sprites/Environment/Hive/TX/Hive_52.asset using Guid(a00c8390d3a0740eabb14c67084c2de6) Importer(2089858483,192608db42251d675da83286b1cce702) (ScriptedImporter) -> (artifact id: '7e2d5864543ece2ea03006997171f93b') in 0.002429458 seconds
Number of updated asset objects reloaded before import = 0Number of asset objects unloaded after import = 2

========================================================================
Received Import Request.
  Time since last request: 0.000027 seconds.
  path: Assets/Sprites/Environment/Hive/TX/Hive_13.asset
  artifactKey: Guid(b66e672e10c934e2593aa702a24c6194) Importer(2089858483,192608db42251d675da83286b1cce702)
Start importing Assets/Sprites/Environment/Hive/TX/Hive_13.asset using Guid(b66e672e10c934e2593aa702a24c6194) Importer(2089858483,192608db42251d675da83286b1cce702) (ScriptedImporter) -> (artifact id: 'e3c0925f661ec00e6328ee26a486c11f') in 0.002635959 seconds
Number of updated asset objects reloaded before import = 0Number of asset objects unloaded after import = 2

========================================================================
Received Import Request.
  Time since last request: 0.000032 seconds.
  path: Assets/Sprites/Environment/Hive/TX/Hive_39.asset
  artifactKey: Guid(17b7f0430f142496591f8a7b498ee9a5) Importer(2089858483,192608db42251d675da83286b1cce702)
Start importing Assets/Sprites/Environment/Hive/TX/Hive_39.asset using Guid(17b7f0430f142496591f8a7b498ee9a5) Importer(2089858483,192608db42251d675da83286b1cce702) (ScriptedImporter) -> (artifact id: '18199a5885b7fb00c37f9e172ef6b61f') in 0.00247375 seconds
Number of updated asset objects reloaded before import = 0Number of asset objects unloaded after import = 2

========================================================================
Received Import Request.
  Time since last request: 0.000028 seconds.
  path: Assets/Sprites/Environment/Hive/TX/Hive_54.asset
  artifactKey: Guid(f39f0a0dc6e5048d38c38bb2a4c6c3ca) Importer(2089858483,192608db42251d675da83286b1cce702)
Start importing Assets/Sprites/Environment/Hive/TX/Hive_54.asset using Guid(f39f0a0dc6e5048d38c38bb2a4c6c3ca) Importer(2089858483,192608db42251d675da83286b1cce702) (ScriptedImporter) -> (artifact id: '55c0e99d0a2b6657ce99cd9f567c521f') in 0.002160917 seconds
Number of updated asset objects reloaded before import = 0Number of asset objects unloaded after import = 2

========================================================================
Received Import Request.
  Time since last request: 0.000030 seconds.
  path: Assets/Sprites/Environment/Hive/TX/Hive_28.asset
  artifactKey: Guid(4a08f26a1d74c4803bb9d21fbbc3df48) Importer(2089858483,192608db42251d675da83286b1cce702)
Start importing Assets/Sprites/Environment/Hive/TX/Hive_28.asset using Guid(4a08f26a1d74c4803bb9d21fbbc3df48) Importer(2089858483,192608db42251d675da83286b1cce702) (ScriptedImporter) -> (artifact id: '9c519abeac770474451ac6cc8f6578e5') in 0.0024555 seconds
Number of updated asset objects reloaded before import = 0Number of asset objects unloaded after import = 2

========================================================================
Received Import Request.
  Time since last request: 0.000034 seconds.
  path: Assets/Sprites/Environment/Hive/TX/Hive_84.asset
  artifactKey: Guid(12ee841efa81e4ff08ca791e70629b6b) Importer(2089858483,192608db42251d675da83286b1cce702)
Start importing Assets/Sprites/Environment/Hive/TX/Hive_84.asset using Guid(12ee841efa81e4ff08ca791e70629b6b) Importer(2089858483,192608db42251d675da83286b1cce702) (ScriptedImporter) -> (artifact id: '013b2779ab8e06920252a25c1ce3e268') in 0.002232292 seconds
Number of updated asset objects reloaded before import = 0Number of asset objects unloaded after import = 2

========================================================================
Received Import Request.
  Time since last request: 0.000037 seconds.
  path: Assets/Sprites/Environment/Hive/TX/Hive_15.asset
  artifactKey: Guid(74a8844e1e7894b91895aadedc100b76) Importer(2089858483,192608db42251d675da83286b1cce702)
Start importing Assets/Sprites/Environment/Hive/TX/Hive_15.asset using Guid(74a8844e1e7894b91895aadedc100b76) Importer(2089858483,192608db42251d675da83286b1cce702) (ScriptedImporter) -> (artifact id: 'f8af4e58177252a1cacedae8963b2346') in 0.002534542 seconds
Number of updated asset objects reloaded before import = 0Number of asset objects unloaded after import = 2

========================================================================
Received Import Request.
  Time since last request: 0.000032 seconds.
  path: Assets/Sprites/Environment/Hive/TX/Hive_49.asset
  artifactKey: Guid(1d2055533919c4160ad09f0fbd015304) Importer(2089858483,192608db42251d675da83286b1cce702)
Start importing Assets/Sprites/Environment/Hive/TX/Hive_49.asset using Guid(1d2055533919c4160ad09f0fbd015304) Importer(2089858483,192608db42251d675da83286b1cce702) (ScriptedImporter) -> (artifact id: '738ea26e1590e291e253277fa37e511c') in 0.003804333 seconds
Number of updated asset objects reloaded before import = 0Number of asset objects unloaded after import = 2

========================================================================
Received Import Request.
  Time since last request: 0.000060 seconds.
  path: Assets/Sprites/Environment/Hive/TX/Hive_5.asset
  artifactKey: Guid(fe44d93255e534e63bf2f202700d2dcb) Importer(2089858483,192608db42251d675da83286b1cce702)
Start importing Assets/Sprites/Environment/Hive/TX/Hive_5.asset using Guid(fe44d93255e534e63bf2f202700d2dcb) Importer(2089858483,192608db42251d675da83286b1cce702) (ScriptedImporter) -> (artifact id: 'fb1bcec31740eb05ec11569896d575a2') in 0.002033625 seconds
Number of updated asset objects reloaded before import = 0Number of asset objects unloaded after import = 2

========================================================================
Received Import Request.
  Time since last request: 0.000038 seconds.
  path: Assets/Sprites/Environment/Hive/TX/Hive_30.asset
  artifactKey: Guid(23c106e5512e74503af38291e6d4ec52) Importer(2089858483,192608db42251d675da83286b1cce702)
Start importing Assets/Sprites/Environment/Hive/TX/Hive_30.asset using Guid(23c106e5512e74503af38291e6d4ec52) Importer(2089858483,192608db42251d675da83286b1cce702) (ScriptedImporter) -> (artifact id: '686c9b0c4476cf5d88db4071a952e509') in 0.002625 seconds
Number of updated asset objects reloaded before import = 0Number of asset objects unloaded after import = 2

========================================================================
Received Import Request.
  Time since last request: 0.000037 seconds.
  path: Assets/Sprites/Environment/Hive/TX/Hive_2.asset
  artifactKey: Guid(a6062b87e4195465e8a000cfe1df9f53) Importer(2089858483,192608db42251d675da83286b1cce702)
Start importing Assets/Sprites/Environment/Hive/TX/Hive_2.asset using Guid(a6062b87e4195465e8a000cfe1df9f53) Importer(2089858483,192608db42251d675da83286b1cce702) (ScriptedImporter) -> (artifact id: '7e90c301015b98d90ed8a7a959240299') in 0.00209975 seconds
Number of updated asset objects reloaded before import = 0Number of asset objects unloaded after import = 2

========================================================================
Received Import Request.
  Time since last request: 0.000039 seconds.
  path: Assets/Sprites/Environment/Hive/TX/Hive_22.asset
  artifactKey: Guid(b5b4ea4608f8e4a21828ad9e20719014) Importer(2089858483,192608db42251d675da83286b1cce702)
Start importing Assets/Sprites/Environment/Hive/TX/Hive_22.asset using Guid(b5b4ea4608f8e4a21828ad9e20719014) Importer(2089858483,192608db42251d675da83286b1cce702) (ScriptedImporter) -> (artifact id: '88b876e07cbf3b8d82707960cf9867ae') in 0.002351792 seconds
Number of updated asset objects reloaded before import = 0Number of asset objects unloaded after import = 2

========================================================================
Received Import Request.
  Time since last request: 0.000036 seconds.
  path: Assets/Sprites/Environment/Hive/Hive.prefab
  artifactKey: Guid(4df9631fdf98b455ebf9bf7233f832bc) Importer(2089858483,192608db42251d675da83286b1cce702)
Start importing Assets/Sprites/Environment/Hive/Hive.prefab using Guid(4df9631fdf98b455ebf9bf7233f832bc) Importer(2089858483,192608db42251d675da83286b1cce702) (ScriptedImporter) -> (artifact id: '7e80c32bacb47029956abbf4b0e09f31') in 0.014302 seconds
Number of updated asset objects reloaded before import = 0Number of asset objects unloaded after import = 10

========================================================================
Received Import Request.
  Time since last request: 0.000049 seconds.
  path: Assets/Sprites/Environment/Hive/TX/Hive_9.asset
  artifactKey: Guid(3e8db0fd72f98425fba63277abe33631) Importer(2089858483,192608db42251d675da83286b1cce702)
Start importing Assets/Sprites/Environment/Hive/TX/Hive_9.asset using Guid(3e8db0fd72f98425fba63277abe33631) Importer(2089858483,192608db42251d675da83286b1cce702) (ScriptedImporter) -> (artifact id: 'ca29269755cf5ea2c31fb0c9cc1fef44') in 0.002296292 seconds
Number of updated asset objects reloaded before import = 0Number of asset objects unloaded after import = 2

========================================================================
Received Import Request.
  Time since last request: 0.000036 seconds.
  path: Assets/Sprites/Environment/Hive/TX/Hive_103.asset
  artifactKey: Guid(3edd75421d22a49ed8120517c37991bd) Importer(2089858483,192608db42251d675da83286b1cce702)
Start importing Assets/Sprites/Environment/Hive/TX/Hive_103.asset using Guid(3edd75421d22a49ed8120517c37991bd) Importer(2089858483,192608db42251d675da83286b1cce702) (ScriptedImporter) -> (artifact id: 'b5ca78b1fc654f7dea39afdb0dd0ec37') in 0.00212825 seconds
Number of updated asset objects reloaded before import = 0Number of asset objects unloaded after import = 2

========================================================================
Received Import Request.
  Time since last request: 0.000033 seconds.
  path: Assets/Sprites/Environment/Hive/TX/Hive_89.asset
  artifactKey: Guid(05c2a0a875720430ba7611628c49e4e5) Importer(2089858483,192608db42251d675da83286b1cce702)
Start importing Assets/Sprites/Environment/Hive/TX/Hive_89.asset using Guid(05c2a0a875720430ba7611628c49e4e5) Importer(2089858483,192608db42251d675da83286b1cce702) (ScriptedImporter) -> (artifact id: 'e0921201ffbb95216fbd08c7c694a54d') in 0.003388958 seconds
Number of updated asset objects reloaded before import = 0Number of asset objects unloaded after import = 2

========================================================================
Received Import Request.
  Time since last request: 0.000052 seconds.
  path: Assets/Sprites/Environment/Hive/TX/Hive_88.asset
  artifactKey: Guid(4370a6e5e021c446fa4e7c9384f38805) Importer(2089858483,192608db42251d675da83286b1cce702)
Start importing Assets/Sprites/Environment/Hive/TX/Hive_88.asset using Guid(4370a6e5e021c446fa4e7c9384f38805) Importer(2089858483,192608db42251d675da83286b1cce702) (ScriptedImporter) -> (artifact id: '49d7874da85aff2f6eaeff98bfc034ce') in 0.0024235 seconds
Number of updated asset objects reloaded before import = 0Number of asset objects unloaded after import = 2

========================================================================
Received Import Request.
  Time since last request: 0.000032 seconds.
  path: Assets/Sprites/Environment/Hive/TX/Hive_46.asset
  artifactKey: Guid(81bb49a408af047a5b5f5bc2280db926) Importer(2089858483,192608db42251d675da83286b1cce702)
Start importing Assets/Sprites/Environment/Hive/TX/Hive_46.asset using Guid(81bb49a408af047a5b5f5bc2280db926) Importer(2089858483,192608db42251d675da83286b1cce702) (ScriptedImporter) -> (artifact id: '75cf816cebbbdfb342167f1a71a25cc2') in 0.002225875 seconds
Number of updated asset objects reloaded before import = 0Number of asset objects unloaded after import = 2

========================================================================
Received Import Request.
  Time since last request: 0.000036 seconds.
  path: Assets/Sprites/Environment/Hive/TX/Hive_29.asset
  artifactKey: Guid(5930a833a43344a17925c6f6f3704543) Importer(2089858483,192608db42251d675da83286b1cce702)
Start importing Assets/Sprites/Environment/Hive/TX/Hive_29.asset using Guid(5930a833a43344a17925c6f6f3704543) Importer(2089858483,192608db42251d675da83286b1cce702) (ScriptedImporter) -> (artifact id: '222e426d73fa5c5353f74c3341599257') in 0.002253541 seconds
Number of updated asset objects reloaded before import = 0Number of asset objects unloaded after import = 2

========================================================================
Received Import Request.
  Time since last request: 0.000040 seconds.
  path: Assets/Sprites/Environment/Hive/TX/Hive_72.asset
  artifactKey: Guid(878504da2034d4d91a85a58c2b5ffc21) Importer(2089858483,192608db42251d675da83286b1cce702)
Start importing Assets/Sprites/Environment/Hive/TX/Hive_72.asset using Guid(878504da2034d4d91a85a58c2b5ffc21) Importer(2089858483,192608db42251d675da83286b1cce702) (ScriptedImporter) -> (artifact id: 'c394857912fb79fedc3dda213ada01dc') in 0.002354791 seconds
Number of updated asset objects reloaded before import = 0Number of asset objects unloaded after import = 2

========================================================================
Received Import Request.
  Time since last request: 0.000043 seconds.
  path: Assets/Sprites/Environment/Hive/TX/Hive_8.asset
  artifactKey: Guid(a5aaa3fe05563499586ef224a252d4a4) Importer(2089858483,192608db42251d675da83286b1cce702)
Start importing Assets/Sprites/Environment/Hive/TX/Hive_8.asset using Guid(a5aaa3fe05563499586ef224a252d4a4) Importer(2089858483,192608db42251d675da83286b1cce702) (ScriptedImporter) -> (artifact id: '41dd1ed5954febcbfd6d04a09af8285f') in 0.002338333 seconds
Number of updated asset objects reloaded before import = 0Number of asset objects unloaded after import = 2

Editor requested this worker to shutdown with reason: Scaling down because of idle timeout
AssetImportWorker is now disconnected from the server
Process exiting
